Arguments: 
  C:\Users\baberwag\softwares\nodejs\node.exe C:\Users\baberwag\softwares\yarn\bin\yarn.js install

PATH: 
  C:\Users\baberwag\softwares\cmder\bin;C:\Users\baberwag\softwares\cmder\vendor\git-for-windows\cmd;C:\Users\baberwag\softwares\cmder\vendor\conemu-maximus5\ConEmu\Scripts;C:\Users\baberwag\softwares\cmder\vendor\conemu-maximus5;C:\Users\baberwag\softwares\cmder\vendor\conemu-maximus5\ConEmu;C:\Users\baberwag\softwares\Ruby23\bin;C:\ProgramData\Oracle\Java\javapath;C:\Windows\system32;C:\Windows;C:\Windows\System32\Wbem;C:\Windows\System32\WindowsPowerShell\v1.0\;%PATH%;B:\jdk\jdk1.8.0_92\bin;C:\Users\baberwag\softwares\cmder;C:\Users\baberwag\softwares\keepass;C:\Users\baberwag\softwares\Apache22\bin;C:\Users\baberwag\softwares\sts;C:\Users\baberwag\softwares\sqldeveloper;B:\eclipse;C:\Users\baberwag\softwares\nodejs;B:\nodejs\global;C:\Users\baberwag\softwares\yarn\bin;C:\Users\baberwag\softwares\mongodb\bin;C:\Users\baberwag\softwares\scala-2.12.1\bin;C:\Users\baberwag\softwares\kafka_2.10-0.10.2.0\bin\windows;%ZOOKEEPER_HOME%\bin;C:\Users\baberwag\softwares\grafana-4.2.0\bin;C:\Users\baberwag\softwares\logstash-5.2.2\bin;C:\Users\baberwag\softwares\kibana-5.2.2-windows-x86\bin;C:\Users\baberwag\softwares\spark-2.1.0-bin-hadoop2.7\bin;%ADOOP_HOME%\bin;C:\Users\baberwag\softwares\storm-1.1.0/bin;C:\Users\baberwag\softwares\spark-2.1.0-bin-hadoop2.7/bin;C:\Users\baberwag\softwares\sbt-launcher-packaging-0.13.13\bin;C:\Users\baberwag\softwares\scala-2.12.1\bin;C:\Users\baberwag\softwares\akka-2.4.17;C:\Users\baberwag\softwares\kotlinc\bin;\bin;C:\Users\baberwag\softwares\mRemoteNG;B:\maven\apache-maven-3.2.2\bin;C:\Users\baberwag\softwares\datastax\apache-cassandra\\bin;C:\Users\baberwag\softwares\intellij\bin;C:\Users\baberwag\softwares\google-cloud-sdk\bin;C:\Users\baberwag\softwares\flume-release-1.7.0\bin;C:\Users\baberwag\softwares\winutils-master\hadoop-2.7.1\bin;C:\Users\baberwag\softwares\Neo4j_CE_3.1.3\bin;C:\Users\baberwag\softwares\orientdb-community-2.2.18\bin;C:\Users\baberwag\softwares\sbt\bin;C:\Program Files (x86)\Mozilla Firefox;C:\ProgramData\Oracle\Java\javapath;C:\Windows\system32;C:\Windows;C:\Windows\System32\Wbem;C:\Windows\System32\WindowsPowerShell\v1.0\;C:\ProgramData\Oracle\Java\javapath;C:\Windows\system32;C:\Windows;C:\Windows\System32\Wbem;C:\Windows\System32\WindowsPowerShell\v1.0\;C:\Users\baberwag\softwares\Ruby23\bin;C:\ProgramData\Oracle\Java\javapath;C:\Windows\system32;C:\Windows;C:\Windows\System32\Wbem;C:\Windows\System32\WindowsPowerShell\v1.0\;C:\Users\baberwag\softwares\Ruby23\bin;C:\ProgramData\Oracle\Java\javapath;C:\Windows\system32;C:\Windows;C:\Windows\System32\Wbem;C:\Windows\System32\WindowsPowerShell\v1.0\;C:\Users\baberwag\softwares\Ruby23\bin;C:\ProgramData\Oracle\Java\javapath;C:\Windows\system32;C:\Windows;C:\Windows\System32\Wbem;C:\Windows\System32\WindowsPowerShell\v1.0\;C:\Users\baberwag\softwares\Ruby23\bin;C:\ProgramData\Oracle\Java\javapath;C:\Windows\system32;C:\Windows;C:\Windows\System32\Wbem;C:\Windows\System32\WindowsPowerShell\v1.0\;C:\Users\babe;C:\Users\baberwag\softwares\cmder\vendor\git-for-windows\usr\bin;C:\Users\baberwag\softwares\cmder\vendor\git-for-windows\usr\share\vim\vim74;C:\Users\baberwag\softwares\cmder\

Yarn version: 
  0.21.3

Node version: 
  7.4.0

Platform: 
  win32 x64

npm manifest: 
  {
    "name": "family-tree-j-hipster",
    "version": "0.0.0",
    "description": "Description for familyTreeJHipster",
    "private": true,
    "license": "UNLICENSED",
    "cacheDirectories": [
      "node_modules"
    ],
    "dependencies": {
      "@angular/common": "4.3.2",
      "@angular/compiler": "4.3.2",
      "@angular/core": "4.3.2",
      "@angular/forms": "4.3.2",
      "@angular/http": "4.3.2",
      "@angular/platform-browser": "4.3.2",
      "@angular/platform-browser-dynamic": "4.3.2",
      "@angular/router": "4.3.2",
      "@ng-bootstrap/ng-bootstrap": "1.0.0-beta.1",
      "bootstrap": "4.0.0-beta",
      "core-js": "2.4.1",
      "font-awesome": "4.7.0",
      "jquery": "3.2.1",
      "ng-jhipster": "0.2.10",
      "ng2-webstorage": "1.8.0",
      "ngx-cookie": "1.0.0",
      "ngx-infinite-scroll": "0.5.1",
      "reflect-metadata": "0.1.10",
      "rxjs": "5.4.2",
      "swagger-ui": "2.2.10",
      "tether": "1.4.0",
      "zone.js": "0.8.16"
    },
    "devDependencies": {
      "@angular/cli": "1.2.6",
      "@angular/compiler-cli": "4.3.2",
      "@types/jasmine": "2.5.53",
      "@types/node": "8.0.18",
      "angular2-template-loader": "0.6.2",
      "awesome-typescript-loader": "3.2.2",
      "browser-sync": "2.18.13",
      "browser-sync-webpack-plugin": "1.2.0",
      "codelyzer": "3.1.2",
      "copy-webpack-plugin": "4.0.1",
      "css-loader": "0.28.4",
      "exports-loader": "0.6.4",
      "extract-text-webpack-plugin": "3.0.0",
      "file-loader": "0.11.2",
      "generator-jhipster": "4.7.0",
      "html-loader": "0.5.0",
      "html-webpack-plugin": "2.30.1",
      "jasmine-core": "2.7.0",
      "karma": "1.7.0",
      "karma-chrome-launcher": "2.2.0",
      "karma-coverage": "1.1.1",
      "karma-intl-shim": "1.0.3",
      "karma-jasmine": "1.1.0",
      "karma-junit-reporter": "1.2.0",
      "karma-notify-reporter": "1.0.1",
      "karma-phantomjs-launcher": "1.0.4",
      "karma-remap-istanbul": "0.6.0",
      "karma-sourcemap-loader": "0.3.7",
      "karma-webpack": "2.0.4",
      "merge-jsons-webpack-plugin": "1.0.8",
      "ngc-webpack": "3.1.1",
      "phantomjs-prebuilt": "2.1.14",
      "proxy-middleware": "0.15.0",
      "rimraf": "2.6.1",
      "sourcemap-istanbul-instrumenter-loader": "0.2.0",
      "string-replace-webpack-plugin": "0.1.3",
      "style-loader": "0.18.2",
      "to-string-loader": "1.1.5",
      "tslint": "5.5.0",
      "tslint-loader": "3.5.3",
      "typescript": "2.4.2",
      "xml2js": "0.4.17",
      "uglifyjs-webpack-plugin": "1.0.0-beta.2",
      "webpack": "3.5.4",
      "webpack-dev-server": "2.7.1",
      "webpack-merge": "4.1.0",
      "webpack-notifier": "1.5.0",
      "webpack-visualizer-plugin": "0.1.11",
      "web-app-manifest-loader": "0.1.1",
      "write-file-webpack-plugin": "4.1.0"
    },
    "engines": {
      "node": ">=6.9.0"
    },
    "scripts": {
      "lint": "tslint --type-check --project './tsconfig.json' -e 'node_modules/**'",
      "lint:fix": "yarn run lint -- --fix",
      "ngc": "ngc -p tsconfig-aot.json",
      "cleanup": "rimraf target/{aot,www}",
      "clean-www": "rimraf target//www/app/{src,target/}",
      "start": "yarn run webpack:dev",
      "serve": "yarn run start",
      "build": "yarn run webpack:prod",
      "test": "karma start src/test/javascript/karma.conf.js",
      "test:watch": "yarn test -- --watch",
      "webpack:dev": "yarn run webpack-dev-server -- --config webpack/webpack.dev.js --progress --inline --hot --profile --port=9060",
      "webpack:build:main": "yarn run webpack -- --config webpack/webpack.dev.js --progress --profile",
      "webpack:build": "yarn run cleanup && yarn run webpack:build:main",
      "webpack:prod:main": "yarn run webpack -- --config webpack/webpack.prod.js --progress --profile",
      "webpack:prod": "yarn run cleanup && yarn run webpack:prod:main && yarn run clean-www",
      "webpack:test": "yarn run test",
      "webpack-dev-server": "node --max_old_space_size=4096 node_modules/webpack-dev-server/bin/webpack-dev-server.js",
      "webpack": "node --max_old_space_size=4096 node_modules/webpack/bin/webpack.js",
      "postinstall": "node node_modules/phantomjs-prebuilt/install.js"
    }
  }

yarn manifest: 
  No manifest

Lockfile: 
  No lockfile

Trace: 
  Error: https://registry.yarnpkg.com/typescript/-/typescript-2.3.4.tgz: unexpected end of file
      at Zlib._handle.onerror (zlib.js:355:17)
